DEPRECATION WARNING: ActiveRecord::Base.raise_in_transactional_callbacks= is deprecated, has no effect and will be removed without replacement. (called from <top (required)> at /Users/generalassembly/wdi/scribble/config/environment.rb:5)
  [1m[36mActiveRecord::SchemaMigration Load (0.8ms)[0m  [1m[34mSELECT "schema_migrations".* FROM "schema_migrations"[0m
  [1m[35m (3.2ms)[0m  [1m[34mSELECT "ar_internal_metadata"."value" FROM "ar_internal_metadata" WHERE "ar_internal_metadata"."key" = $1[0m  [["key", :environment]]
  [1m[36mActiveRecord::SchemaMigration Load (0.5ms)[0m  [1m[34mSELECT "schema_migrations".* FROM "schema_migrations"[0m
  [1m[35m (0.3ms)[0m  [1m[34mSELECT "ar_internal_metadata"."value" FROM "ar_internal_metadata" WHERE "ar_internal_metadata"."key" = $1[0m  [["key", :environment]]
  [1m[36mActiveRecord::SchemaMigration Load (0.4ms)[0m  [1m[34mSELECT "schema_migrations".* FROM "schema_migrations"[0m
  [1m[35m (0.4ms)[0m  [1m[34mSELECT "ar_internal_metadata"."value" FROM "ar_internal_metadata" WHERE "ar_internal_metadata"."key" = $1[0m  [["key", :environment]]
  [1m[35m (231.0ms)[0m  [1m[35mDROP DATABASE IF EXISTS "scribble_development"[0m
  [1m[35m (200.3ms)[0m  [1m[35mDROP DATABASE IF EXISTS "scribble_test"[0m
DEPRECATION WARNING: ActiveRecord::Base.raise_in_transactional_callbacks= is deprecated, has no effect and will be removed without replacement. (called from require at /Users/generalassembly/wdi/scribble/bin/rails:8)
  [1m[35m (250.1ms)[0m  [1m[35mCREATE TABLE "schema_migrations" ("version" character varying PRIMARY KEY)[0m
  [1m[35m (30.5ms)[0m  [1m[35mCREATE TABLE "ar_internal_metadata" ("key" character varying PRIMARY KEY, "value" character varying, "created_at" timestamp NOT NULL, "updated_at" timestamp NOT NULL)[0m
  [1m[35m (6.1ms)[0m  [1m[34mSELECT pg_try_advisory_lock(4326982041835596990);[0m
  [1m[36mActiveRecord::SchemaMigration Load (1.2ms)[0m  [1m[34mSELECT "schema_migrations".* FROM "schema_migrations"[0m
Migrating to CreatePosts (20151110161914)
  [1m[35m (0.1ms)[0m  [1m[35mBEGIN[0m
DEPRECATION WARNING: Directly inheriting from ActiveRecord::Migration is deprecated. Please specify the Rails release the migration was written for:

  class CreatePosts < ActiveRecord::Migration[4.2] (called from require at /Users/generalassembly/wdi/scribble/bin/rails:8)
  [1m[35m (34.1ms)[0m  [1m[35mCREATE TABLE "posts" ("id" serial primary key, "title" character varying, "body" text, "created_at" timestamp, "updated_at" timestamp)[0m
  [1m[35mSQL (54.9ms)[0m  [1m[32mINSERT INTO "schema_migrations" ("version") VALUES ($1) RETURNING "version"[0m  [["version", "20151110161914"]]
  [1m[35m (5.6ms)[0m  [1m[35mCOMMIT[0m
Migrating to CreateComments (20151110162041)
  [1m[35m (5.5ms)[0m  [1m[35mBEGIN[0m
DEPRECATION WARNING: Directly inheriting from ActiveRecord::Migration is deprecated. Please specify the Rails release the migration was written for:

  class CreateComments < ActiveRecord::Migration[4.2] (called from require at /Users/generalassembly/wdi/scribble/bin/rails:8)
  [1m[35m (45.6ms)[0m  [1m[35mCREATE TABLE "comments" ("id" serial primary key, "body" text, "post_id" integer, "created_at" timestamp, "updated_at" timestamp)[0m
  [1m[35mSQL (3.4ms)[0m  [1m[32mINSERT INTO "schema_migrations" ("version") VALUES ($1) RETURNING "version"[0m  [["version", "20151110162041"]]
  [1m[35m (6.3ms)[0m  [1m[35mCOMMIT[0m
  [1m[36mActiveRecord::InternalMetadata Load (7.4ms)[0m  [1m[34mSELECT  "ar_internal_metadata".* FROM "ar_internal_metadata" WHERE "ar_internal_metadata"."key" = $1 LIMIT $2[0m  [["key", :environment], ["LIMIT", 1]]
  [1m[35m (0.2ms)[0m  [1m[35mBEGIN[0m
  [1m[35mSQL (6.6ms)[0m  [1m[32mINSERT INTO "ar_internal_metadata" ("key", "value", "created_at", "updated_at") VALUES ($1, $2, $3, $4) RETURNING "key"[0m  [["key", "environment"], ["value", "development"], ["created_at", 2016-12-20 17:02:19 UTC], ["updated_at", 2016-12-20 17:02:19 UTC]]
  [1m[35m (5.8ms)[0m  [1m[35mCOMMIT[0m
  [1m[35m (0.3ms)[0m  [1m[34mSELECT pg_advisory_unlock(4326982041835596990)[0m
  [1m[36mActiveRecord::SchemaMigration Load (0.3ms)[0m  [1m[34mSELECT "schema_migrations".* FROM "schema_migrations"[0m
  [1m[35m (5.1ms)[0m  [1m[34mSELECT t2.oid::regclass::text AS to_table, a1.attname AS column, a2.attname AS primary_key, c.conname AS name, c.confupdtype AS on_update, c.confdeltype AS on_delete
FROM pg_constraint c
JOIN pg_class t1 ON c.conrelid = t1.oid
JOIN pg_class t2 ON c.confrelid = t2.oid
JOIN pg_attribute a1 ON a1.attnum = c.conkey[1] AND a1.attrelid = t1.oid
JOIN pg_attribute a2 ON a2.attnum = c.confkey[1] AND a2.attrelid = t2.oid
JOIN pg_namespace t3 ON c.connamespace = t3.oid
WHERE c.contype = 'f'
  AND t1.relname = 'comments'
  AND t3.nspname = ANY (current_schemas(false))
ORDER BY c.conname
[0m
  [1m[35m (2.8ms)[0m  [1m[34mSELECT t2.oid::regclass::text AS to_table, a1.attname AS column, a2.attname AS primary_key, c.conname AS name, c.confupdtype AS on_update, c.confdeltype AS on_delete
FROM pg_constraint c
JOIN pg_class t1 ON c.conrelid = t1.oid
JOIN pg_class t2 ON c.confrelid = t2.oid
JOIN pg_attribute a1 ON a1.attnum = c.conkey[1] AND a1.attrelid = t1.oid
JOIN pg_attribute a2 ON a2.attnum = c.confkey[1] AND a2.attrelid = t2.oid
JOIN pg_namespace t3 ON c.connamespace = t3.oid
WHERE c.contype = 'f'
  AND t1.relname = 'posts'
  AND t3.nspname = ANY (current_schemas(false))
ORDER BY c.conname
[0m
DEPRECATION WARNING: ActiveRecord::Base.raise_in_transactional_callbacks= is deprecated, has no effect and will be removed without replacement. (called from require at /Users/generalassembly/wdi/scribble/bin/rails:8)
  [1m[36mActiveRecord::SchemaMigration Load (0.8ms)[0m  [1m[34mSELECT "schema_migrations".* FROM "schema_migrations"[0m
  [1m[36mPost Load (7.0ms)[0m  [1m[34mSELECT "posts".* FROM "posts" ORDER BY updated_at DESC[0m
  [1m[36mComment Load (6.5ms)[0m  [1m[34mSELECT "comments".* FROM "comments" ORDER BY updated_at DESC[0m
  [1m[35m (0.2ms)[0m  [1m[35mBEGIN[0m
  [1m[35mSQL (13.6ms)[0m  [1m[32mINSERT INTO "posts" ("title", "body", "created_at", "updated_at") VALUES ($1, $2, $3, $4) RETURNING "id"[0m  [["title", "The Medieval Fourier Transform"], ["body", "Four loko bespoke knausgaard kinfolk dreamcatcher. Authentic bitters drinking vinegar portland mustache, mumblecore gluten-free vegan cred chicharrones keytar. Retro ethical authentic occupy. Kinfolk readymade skateboard, truffaut cold-pressed asymmetrical small batch. Franzen authentic ethical truffaut. Before they sold out jean shorts kale chips authentic, franzen yr readymade cornhole. Pickled truffaut chambray polaroid cray.  Distillery brooklyn waistcoat bicycle rights yr small batch. Cold-pressed readymade bushwick celiac, taxidermy offal everyday carry. Raw denim deep v chia normcore, farm-to-table tattooed listicle lo-fi whatever swag tote bag roof party cardigan mustache. Mixtape VHS williamsburg occupy, four loko vinyl echo park cred marfa you probably haven't heard of them tilde church-key cronut. Distillery lo-fi venmo, meh truffaut deep v paleo gentrify. Tousled selfies disrupt PBR&B, XOXO jean shorts selvage neutra flexitarian. Squid meggings hashtag kogi meditation kale chips, flexitarian knausgaard hoodie portland ramps.  Banh mi chillwave plaid polaroid. Single-origin coffee salvia humblebrag franzen lumbersexual XOXO tousled, dreamcatcher locavore. Selfies fap cliche, flannel before they sold out pour-over roof party squid narwhal selvage lo-fi chillwave meditation. Beard dreamcatcher meditation, pinterest iPhone photo booth plaid cronut austin gastropub. Direct trade pinterest butcher, meggings disrupt gluten-free pop-up authentic listicle ennui. Truffaut godard pitchfork, 3 wolf moon biodiesel viral celiac tousled pickled shoreditch. Marfa portland squid iPhone banh mi mixtape, food truck pickled street art flexitarian wolf schlitz paleo.  Poutine selvage keffiyeh gastropub. Authentic typewriter street art, photo booth shabby chic schlitz yr locavore tumblr beard pork belly PBR&B. Celiac kombucha meh, neutra etsy cold-pressed cray cardigan tousled occupy butcher. Cred gentrify distillery flannel polaroid vegan. Cornhole four dollar toast listicle semiotics retro kickstarter, roof party meditation selfies everyday carry cardigan williamsburg next level. Street art austin kombucha, offal tousled cred before they sold out butcher echo park tilde. Cronut cardigan locavore, selvage scenester kinfolk ennui slow-carb wolf."], ["created_at", 2016-12-20 17:02:30 UTC], ["updated_at", 2016-12-20 17:02:30 UTC]]
  [1m[35m (5.9ms)[0m  [1m[35mCOMMIT[0m
  [1m[35m (0.2ms)[0m  [1m[35mBEGIN[0m
  [1m[35mSQL (0.5ms)[0m  [1m[32mINSERT INTO "posts" ("title", "body", "created_at", "updated_at") VALUES ($1, $2, $3, $4) RETURNING "id"[0m  [["title", "Type classes and generic derivation"], ["body", "Four loko bespoke knausgaard kinfolk dreamcatcher. Authentic bitters drinking vinegar portland mustache, mumblecore gluten-free vegan cred chicharrones keytar. Retro ethical authentic occupy. Kinfolk readymade skateboard, truffaut cold-pressed asymmetrical small batch. Franzen authentic ethical truffaut. Before they sold out jean shorts kale chips authentic, franzen yr readymade cornhole. Pickled truffaut chambray polaroid cray.  Distillery brooklyn waistcoat bicycle rights yr small batch. Cold-pressed readymade bushwick celiac, taxidermy offal everyday carry. Raw denim deep v chia normcore, farm-to-table tattooed listicle lo-fi whatever swag tote bag roof party cardigan mustache. Mixtape VHS williamsburg occupy, four loko vinyl echo park cred marfa you probably haven't heard of them tilde church-key cronut. Distillery lo-fi venmo, meh truffaut deep v paleo gentrify. Tousled selfies disrupt PBR&B, XOXO jean shorts selvage neutra flexitarian. Squid meggings hashtag kogi meditation kale chips, flexitarian knausgaard hoodie portland ramps.  Banh mi chillwave plaid polaroid. Single-origin coffee salvia humblebrag franzen lumbersexual XOXO tousled, dreamcatcher locavore. Selfies fap cliche, flannel before they sold out pour-over roof party squid narwhal selvage lo-fi chillwave meditation. Beard dreamcatcher meditation, pinterest iPhone photo booth plaid cronut austin gastropub. Direct trade pinterest butcher, meggings disrupt gluten-free pop-up authentic listicle ennui. Truffaut godard pitchfork, 3 wolf moon biodiesel viral celiac tousled pickled shoreditch. Marfa portland squid iPhone banh mi mixtape, food truck pickled street art flexitarian wolf schlitz paleo.  Poutine selvage keffiyeh gastropub. Authentic typewriter street art, photo booth shabby chic schlitz yr locavore tumblr beard pork belly PBR&B. Celiac kombucha meh, neutra etsy cold-pressed cray cardigan tousled occupy butcher. Cred gentrify distillery flannel polaroid vegan. Cornhole four dollar toast listicle semiotics retro kickstarter, roof party meditation selfies everyday carry cardigan williamsburg next level. Street art austin kombucha, offal tousled cred before they sold out butcher echo park tilde. Cronut cardigan locavore, selvage scenester kinfolk ennui slow-carb wolf."], ["created_at", 2016-12-20 17:02:30 UTC], ["updated_at", 2016-12-20 17:02:30 UTC]]
  [1m[35m (2.3ms)[0m  [1m[35mCOMMIT[0m
  [1m[35m (0.1ms)[0m  [1m[35mBEGIN[0m
  [1m[35mSQL (3.0ms)[0m  [1m[32mINSERT INTO "posts" ("title", "body", "created_at", "updated_at") VALUES ($1, $2, $3, $4) RETURNING "id"[0m  [["title", "Big Data’s Radical Potential"], ["body", "Four loko bespoke knausgaard kinfolk dreamcatcher. Authentic bitters drinking vinegar portland mustache, mumblecore gluten-free vegan cred chicharrones keytar. Retro ethical authentic occupy. Kinfolk readymade skateboard, truffaut cold-pressed asymmetrical small batch. Franzen authentic ethical truffaut. Before they sold out jean shorts kale chips authentic, franzen yr readymade cornhole. Pickled truffaut chambray polaroid cray.  Distillery brooklyn waistcoat bicycle rights yr small batch. Cold-pressed readymade bushwick celiac, taxidermy offal everyday carry. Raw denim deep v chia normcore, farm-to-table tattooed listicle lo-fi whatever swag tote bag roof party cardigan mustache. Mixtape VHS williamsburg occupy, four loko vinyl echo park cred marfa you probably haven't heard of them tilde church-key cronut. Distillery lo-fi venmo, meh truffaut deep v paleo gentrify. Tousled selfies disrupt PBR&B, XOXO jean shorts selvage neutra flexitarian. Squid meggings hashtag kogi meditation kale chips, flexitarian knausgaard hoodie portland ramps.  Banh mi chillwave plaid polaroid. Single-origin coffee salvia humblebrag franzen lumbersexual XOXO tousled, dreamcatcher locavore. Selfies fap cliche, flannel before they sold out pour-over roof party squid narwhal selvage lo-fi chillwave meditation. Beard dreamcatcher meditation, pinterest iPhone photo booth plaid cronut austin gastropub. Direct trade pinterest butcher, meggings disrupt gluten-free pop-up authentic listicle ennui. Truffaut godard pitchfork, 3 wolf moon biodiesel viral celiac tousled pickled shoreditch. Marfa portland squid iPhone banh mi mixtape, food truck pickled street art flexitarian wolf schlitz paleo.  Poutine selvage keffiyeh gastropub. Authentic typewriter street art, photo booth shabby chic schlitz yr locavore tumblr beard pork belly PBR&B. Celiac kombucha meh, neutra etsy cold-pressed cray cardigan tousled occupy butcher. Cred gentrify distillery flannel polaroid vegan. Cornhole four dollar toast listicle semiotics retro kickstarter, roof party meditation selfies everyday carry cardigan williamsburg next level. Street art austin kombucha, offal tousled cred before they sold out butcher echo park tilde. Cronut cardigan locavore, selvage scenester kinfolk ennui slow-carb wolf."], ["created_at", 2016-12-20 17:02:30 UTC], ["updated_at", 2016-12-20 17:02:30 UTC]]
  [1m[35m (6.5ms)[0m  [1m[35mCOMMIT[0m
  [1m[35m (0.2ms)[0m  [1m[35mBEGIN[0m
  [1m[35mSQL (7.6ms)[0m  [1m[32mINSERT INTO "comments" ("body", "post_id", "created_at", "updated_at") VALUES ($1, $2, $3, $4) RETURNING "id"[0m  [["body", "The first comment on the first post"], ["post_id", 1], ["created_at", 2016-12-20 17:02:30 UTC], ["updated_at", 2016-12-20 17:02:30 UTC]]
  [1m[35m (5.8ms)[0m  [1m[35mCOMMIT[0m
  [1m[35m (0.2ms)[0m  [1m[35mBEGIN[0m
  [1m[35mSQL (0.5ms)[0m  [1m[32mINSERT INTO "comments" ("body", "post_id", "created_at", "updated_at") VALUES ($1, $2, $3, $4) RETURNING "id"[0m  [["body", "The first comment on the second post"], ["post_id", 2], ["created_at", 2016-12-20 17:02:30 UTC], ["updated_at", 2016-12-20 17:02:30 UTC]]
  [1m[35m (2.1ms)[0m  [1m[35mCOMMIT[0m
  [1m[35m (0.2ms)[0m  [1m[35mBEGIN[0m
  [1m[35mSQL (0.5ms)[0m  [1m[32mINSERT INTO "comments" ("body", "post_id", "created_at", "updated_at") VALUES ($1, $2, $3, $4) RETURNING "id"[0m  [["body", "The first comment on the third post"], ["post_id", 3], ["created_at", 2016-12-20 17:02:30 UTC], ["updated_at", 2016-12-20 17:02:30 UTC]]
  [1m[35m (2.3ms)[0m  [1m[35mCOMMIT[0m
DEPRECATION WARNING: ActiveRecord::Base.raise_in_transactional_callbacks= is deprecated, has no effect and will be removed without replacement. (called from raise_in_transactional_callbacks= at /usr/local/var/rbenv/versions/2.3.1/lib/ruby/gems/2.3.0/gems/activerecord-5.0.0.1/lib/active_record/transactions.rb:283)
DEPRECATION WARNING: ActiveRecord::Base.raise_in_transactional_callbacks= is deprecated, has no effect and will be removed without replacement. (called from raise_in_transactional_callbacks= at /usr/local/var/rbenv/versions/2.3.1/lib/ruby/gems/2.3.0/gems/activerecord-5.0.0.1/lib/active_record/transactions.rb:283)
DEPRECATION WARNING: ActiveRecord::Base.raise_in_transactional_callbacks= is deprecated, has no effect and will be removed without replacement. (called from raise_in_transactional_callbacks= at /usr/local/var/rbenv/versions/2.3.1/lib/ruby/gems/2.3.0/gems/activerecord-5.0.0.1/lib/active_record/transactions.rb:283)
DEPRECATION WARNING: ActiveRecord::Base.raise_in_transactional_callbacks= is deprecated, has no effect and will be removed without replacement. (called from raise_in_transactional_callbacks= at /usr/local/var/rbenv/versions/2.3.1/lib/ruby/gems/2.3.0/gems/activerecord-5.0.0.1/lib/active_record/transactions.rb:283)
DEPRECATION WARNING: ActiveRecord::Base.raise_in_transactional_callbacks= is deprecated, has no effect and will be removed without replacement. (called from raise_in_transactional_callbacks= at /usr/local/var/rbenv/versions/2.3.1/lib/ruby/gems/2.3.0/gems/activerecord-5.0.0.1/lib/active_record/transactions.rb:283)
DEPRECATION WARNING: ActiveRecord::Base.raise_in_transactional_callbacks= is deprecated, has no effect and will be removed without replacement. (called from raise_in_transactional_callbacks= at /usr/local/var/rbenv/versions/2.3.1/lib/ruby/gems/2.3.0/gems/activerecord-5.0.0.1/lib/active_record/transactions.rb:283)
DEPRECATION WARNING: ActiveRecord::Base.raise_in_transactional_callbacks= is deprecated, has no effect and will be removed without replacement. (called from raise_in_transactional_callbacks= at /usr/local/var/rbenv/versions/2.3.1/lib/ruby/gems/2.3.0/gems/activerecord-5.0.0.1/lib/active_record/transactions.rb:283)
DEPRECATION WARNING: ActiveRecord::Base.raise_in_transactional_callbacks= is deprecated, has no effect and will be removed without replacement. (called from raise_in_transactional_callbacks= at /usr/local/var/rbenv/versions/2.3.1/lib/ruby/gems/2.3.0/gems/activerecord-5.0.0.1/lib/active_record/transactions.rb:283)
DEPRECATION WARNING: ActiveRecord::Base.raise_in_transactional_callbacks= is deprecated, has no effect and will be removed without replacement. (called from <top (required)> at /Users/generalassembly/wdi/scribble/app/models/application_record.rb:1)
  [1m[35m (6.5ms)[0m  [1m[34mSELECT pg_try_advisory_lock(4326982041835596990);[0m
  [1m[36mActiveRecord::SchemaMigration Load (23.8ms)[0m  [1m[34mSELECT "schema_migrations".* FROM "schema_migrations"[0m
Migrating to DeviseCreateUsers (20161220172448)
  [1m[35m (2.4ms)[0m  [1m[35mBEGIN[0m
  [1m[35m (79.5ms)[0m  [1m[35mCREATE TABLE "users" ("id" serial primary key, "email" character varying DEFAULT '' NOT NULL, "encrypted_password" character varying DEFAULT '' NOT NULL, "reset_password_token" character varying, "reset_password_sent_at" timestamp, "remember_created_at" timestamp, "sign_in_count" integer DEFAULT 0 NOT NULL, "current_sign_in_at" timestamp, "last_sign_in_at" timestamp, "current_sign_in_ip" inet, "last_sign_in_ip" inet, "created_at" timestamp NOT NULL, "updated_at" timestamp NOT NULL)[0m
  [1m[35m (2.8ms)[0m  [1m[35mCREATE UNIQUE INDEX  "index_users_on_email" ON "users"  ("email")[0m
  [1m[35m (2.9ms)[0m  [1m[35mCREATE UNIQUE INDEX  "index_users_on_reset_password_token" ON "users"  ("reset_password_token")[0m
  [1m[35mSQL (3.2ms)[0m  [1m[32mINSERT INTO "schema_migrations" ("version") VALUES ($1) RETURNING "version"[0m  [["version", "20161220172448"]]
  [1m[35m (6.8ms)[0m  [1m[35mCOMMIT[0m
  [1m[36mActiveRecord::InternalMetadata Load (3.7ms)[0m  [1m[34mSELECT  "ar_internal_metadata".* FROM "ar_internal_metadata" WHERE "ar_internal_metadata"."key" = $1 LIMIT $2[0m  [["key", :environment], ["LIMIT", 1]]
  [1m[35m (0.2ms)[0m  [1m[35mBEGIN[0m
  [1m[35m (0.2ms)[0m  [1m[35mCOMMIT[0m
  [1m[35m (0.3ms)[0m  [1m[34mSELECT pg_advisory_unlock(4326982041835596990)[0m
  [1m[36mActiveRecord::SchemaMigration Load (0.2ms)[0m  [1m[34mSELECT "schema_migrations".* FROM "schema_migrations"[0m
  [1m[35m (2.2ms)[0m  [1m[34mSELECT t2.oid::regclass::text AS to_table, a1.attname AS column, a2.attname AS primary_key, c.conname AS name, c.confupdtype AS on_update, c.confdeltype AS on_delete
FROM pg_constraint c
JOIN pg_class t1 ON c.conrelid = t1.oid
JOIN pg_class t2 ON c.confrelid = t2.oid
JOIN pg_attribute a1 ON a1.attnum = c.conkey[1] AND a1.attrelid = t1.oid
JOIN pg_attribute a2 ON a2.attnum = c.confkey[1] AND a2.attrelid = t2.oid
JOIN pg_namespace t3 ON c.connamespace = t3.oid
WHERE c.contype = 'f'
  AND t1.relname = 'comments'
  AND t3.nspname = ANY (current_schemas(false))
ORDER BY c.conname
[0m
  [1m[35m (1.8ms)[0m  [1m[34mSELECT t2.oid::regclass::text AS to_table, a1.attname AS column, a2.attname AS primary_key, c.conname AS name, c.confupdtype AS on_update, c.confdeltype AS on_delete
FROM pg_constraint c
JOIN pg_class t1 ON c.conrelid = t1.oid
JOIN pg_class t2 ON c.confrelid = t2.oid
JOIN pg_attribute a1 ON a1.attnum = c.conkey[1] AND a1.attrelid = t1.oid
JOIN pg_attribute a2 ON a2.attnum = c.confkey[1] AND a2.attrelid = t2.oid
JOIN pg_namespace t3 ON c.connamespace = t3.oid
WHERE c.contype = 'f'
  AND t1.relname = 'posts'
  AND t3.nspname = ANY (current_schemas(false))
ORDER BY c.conname
[0m
  [1m[35m (8.1ms)[0m  [1m[34mSELECT t2.oid::regclass::text AS to_table, a1.attname AS column, a2.attname AS primary_key, c.conname AS name, c.confupdtype AS on_update, c.confdeltype AS on_delete
FROM pg_constraint c
JOIN pg_class t1 ON c.conrelid = t1.oid
JOIN pg_class t2 ON c.confrelid = t2.oid
JOIN pg_attribute a1 ON a1.attnum = c.conkey[1] AND a1.attrelid = t1.oid
JOIN pg_attribute a2 ON a2.attnum = c.confkey[1] AND a2.attrelid = t2.oid
JOIN pg_namespace t3 ON c.connamespace = t3.oid
WHERE c.contype = 'f'
  AND t1.relname = 'users'
  AND t3.nspname = ANY (current_schemas(false))
ORDER BY c.conname
[0m
